TN:
SF:app.js
FN:1,div
FNF:1
FNH:1
FNDA:2,div
DA:2,2
DA:5,1
LF:2
LH:2
BRF:0
BRH:0
end_of_record
TN:
SF:bin\kstesting.js
FNF:0
FNH:0
DA:3,1
DA:4,1
DA:5,1
DA:6,1
DA:8,1
DA:10,1
DA:14,1
DA:17,1
DA:18,1
DA:19,1
DA:24,1
LF:11
LH:11
BRDA:10,0,0,1
BRDA:10,0,1,0
BRF:2
BRH:1
end_of_record
TN:
SF:spec\app.spec.js
FN:3,(anonymous_0)
FN:4,(anonymous_1)
FN:9,(anonymous_2)
FNF:3
FNH:3
FNDA:1,(anonymous_0)
FNDA:1,(anonymous_1)
FNDA:1,(anonymous_2)
DA:1,1
DA:3,1
DA:4,1
DA:5,1
DA:7,1
DA:9,1
DA:10,1
DA:12,1
LF:8
LH:8
BRF:0
BRH:0
end_of_record
